

Mono path[0] = 'C:/Users/Bruno/AppData/Local/Programs/NeutronOnline/NeutronOnline_Data/Managed'
Mono config path = 'C:/Users/Bruno/AppData/Local/Programs/NeutronOnline/MonoBleedingEdge/etc'
Initialize engine version: 6000.0.15f1 (6a96561936c0)
[Subsystems] Discovering subsystems at path C:/Users/Bruno/AppData/Local/Programs/NeutronOnline/NeutronOnline_Data/UnitySubsystems
kGfxThreadingModeSplitJobs is not supported on Direct3D 11. Reverting to kGfxThreadingModeClientWorkerJobs instead.
GfxDevice: creating device client; kGfxThreadingModeClientWorkerJobs
Direct3D:
    Version:  Direct3D 11.0 [level 11.1]
    Renderer: Radeon RX 570 Series (ID=0x67df)
    Vendor:   ATI
    VRAM:     4039 MB
    Driver:   31.0.21921.1000
Begin MonoManager ReloadAssembly
- Loaded All Assemblies, in  0.176 seconds
- Finished resetting the current domain, in  0.003 seconds
[PhysX] Initialized MultithreadedTaskDispatcher with 4 workers.
D3D11 device created for Microsoft Media Foundation video decoding.
<RI> Initializing input.

New input system (experimental) initialized
Using Windows.Gaming.Input
<RI> Input initialized.

<RI> Initialized touch support.

UnloadTime: 0.590300 ms
RenderGraph is now disabled.
Unloading 6 Unused Serialized files (Serialized files now loaded: 0)
UnloadTime: 10.050800 ms
Unloading 16 unused Assets to reduce memory usage. Loaded Objects now: 2858.
Total: 2.378400 ms (FindLiveObjects: 0.114700 ms CreateObjectMapping: 0.094200 ms MarkObjects: 2.139600 ms  DeleteObjects: 0.029600 ms)

Unloading 4 Unused Serialized files (Serialized files now loaded: 0)
UnloadTime: 0.825400 ms
Unloading 4 unused Assets to reduce memory usage. Loaded Objects now: 3189.
Total: 2.409600 ms (FindLiveObjects: 0.119700 ms CreateObjectMapping: 0.092800 ms MarkObjects: 2.148500 ms  DeleteObjects: 0.048200 ms)

Unloading 3 Unused Serialized files (Serialized files now loaded: 0)
UnloadTime: 1.881300 ms
OnClientConnectedCallback: 1 | IsServer: False
Unloading 5 unused Assets to reduce memory usage. Loaded Objects now: 3181.
Total: 3.359700 ms (FindLiveObjects: 0.163400 ms CreateObjectMapping: 0.263000 ms MarkObjects: 2.904300 ms  DeleteObjects: 0.028600 ms)

Unloading 6 Unused Serialized files (Serialized files now loaded: 0)
UnloadTime: 3.745000 ms
Unloading 2 unused Assets to reduce memory usage. Loaded Objects now: 3495.
Total: 3.503900 ms (FindLiveObjects: 0.239100 ms CreateObjectMapping: 0.180000 ms MarkObjects: 3.064300 ms  DeleteObjects: 0.020100 ms)

OnMoveStartedClientRpc
FinishPieceMovementClientRpc: (2, 2) -> (1, 1)
OnMoveEndedClientRpc
OnMoveStartedClientRpc
FinishPieceMovementClientRpc: (2, 0) -> (2, 3)
OnMoveEndedClientRpc
OnMoveStartedClientRpc
FinishPieceMovementClientRpc: (1, 1) -> (0, 1)
OnMoveEndedClientRpc
OnMoveStartedClientRpc
FinishPieceMovementClientRpc: (1, 4) -> (1, 1)
OnMoveEndedClientRpc
OnMoveStartedClientRpc
FinishPieceMovementClientRpc: (0, 1) -> (1, 2)
OnMoveEndedClientRpc
OnMoveStartedClientRpc
FinishPieceMovementClientRpc: (4, 0) -> (1, 3)
OnMoveEndedClientRpc
OnMoveStartedClientRpc
FinishPieceMovementClientRpc: (1, 2) -> (0, 1)
OnMoveEndedClientRpc
OnMoveStartedClientRpc
FinishPieceMovementClientRpc: (0, 4) -> (0, 2)
OnMoveEndedClientRpc
OnMoveStartedClientRpc
FinishPieceMovementClientRpc: (0, 1) -> (1, 2)
OnMoveEndedClientRpc
OnMoveStartedClientRpc
FinishPieceMovementClientRpc: (3, 0) -> (3, 3)
OnMoveEndedClientRpc
OnMoveStartedClientRpc
FinishPieceMovementClientRpc: (1, 2) -> (0, 3)
OnMoveEndedClientRpc
OnMoveStartedClientRpc
FinishPieceMovementClientRpc: (1, 1) -> (1, 2)
OnMoveEndedClientRpc
OnMoveStartedClientRpc
FinishPieceMovementClientRpc: (0, 3) -> (1, 4)
OnMoveEndedClientRpc
OnClientDisconnectCallback: 1 | IsServer: False
Unloading 4 Unused Serialized files (Serialized files now loaded: 0)
UnloadTime: 0.865800 ms
Unloading 18 unused Assets to reduce memory usage. Loaded Objects now: 2990.
Total: 3.259000 ms (FindLiveObjects: 0.174000 ms CreateObjectMapping: 0.088300 ms MarkObjects: 2.950200 ms  DeleteObjects: 0.046300 ms)

Unloading 2 Unused Serialized files (Serialized files now loaded: 0)
UnloadTime: 0.121100 ms
Unloading 3 unused Assets to reduce memory usage. Loaded Objects now: 3017.
Total: 3.008900 ms (FindLiveObjects: 0.116000 ms CreateObjectMapping: 0.086900 ms MarkObjects: 2.764000 ms  DeleteObjects: 0.041800 ms)

Unloading 3 Unused Serialized files (Serialized files now loaded: 0)
UnloadTime: 0.226600 ms
Unloading 12 unused Assets to reduce memory usage. Loaded Objects now: 2972.
Total: 3.536800 ms (FindLiveObjects: 0.113600 ms CreateObjectMapping: 0.107900 ms MarkObjects: 3.285200 ms  DeleteObjects: 0.029900 ms)

Unloading 4 Unused Serialized files (Serialized files now loaded: 0)
UnloadTime: 0.143900 ms
Unloading 4 unused Assets to reduce memory usage. Loaded Objects now: 3216.
Total: 4.027300 ms (FindLiveObjects: 0.121000 ms CreateObjectMapping: 0.102800 ms MarkObjects: 3.752300 ms  DeleteObjects: 0.051000 ms)

Unloading 3 Unused Serialized files (Serialized files now loaded: 0)
UnloadTime: 0.655600 ms
OnClientConnectedCallback: 1 | IsServer: False
Unloading 5 unused Assets to reduce memory usage. Loaded Objects now: 3208.
Total: 5.507400 ms (FindLiveObjects: 0.210800 ms CreateObjectMapping: 0.150300 ms MarkObjects: 5.107400 ms  DeleteObjects: 0.038600 ms)

Unloading 6 Unused Serialized files (Serialized files now loaded: 0)
UnloadTime: 0.491600 ms
Unloading 3 unused Assets to reduce memory usage. Loaded Objects now: 3495.
Total: 3.793000 ms (FindLiveObjects: 0.194900 ms CreateObjectMapping: 0.162500 ms MarkObjects: 3.408000 ms  DeleteObjects: 0.027300 ms)

OnMoveStartedClientRpc
FinishPieceMovementClientRpc: (2, 2) -> (3, 1)
OnMoveEndedClientRpc
OnMoveStartedClientRpc
FinishPieceMovementClientRpc: (4, 0) -> (4, 3)
OnMoveEndedClientRpc
OnMoveStartedClientRpc
FinishPieceMovementClientRpc: (3, 1) -> (2, 2)
OnMoveEndedClientRpc
OnMoveStartedClientRpc
FinishPieceMovementClientRpc: (3, 4) -> (3, 1)
OnMoveEndedClientRpc
OnMoveStartedClientRpc
FinishPieceMovementClientRpc: (2, 2) -> (2, 1)
OnMoveEndedClientRpc
OnMoveStartedClientRpc
FinishPieceMovementClientRpc: (1, 0) -> (1, 3)
OnMoveEndedClientRpc
OnMoveStartedClientRpc
FinishPieceMovementClientRpc: (2, 1) -> (3, 2)
OnMoveEndedClientRpc
OnMoveStartedClientRpc
FinishPieceMovementClientRpc: (2, 4) -> (2, 1)
OnMoveEndedClientRpc
OnMoveStartedClientRpc
FinishPieceMovementClientRpc: (3, 2) -> (4, 1)
OnMoveEndedClientRpc
OnMoveStartedClientRpc
FinishPieceMovementClientRpc: (1, 3) -> (3, 3)
OnMoveEndedClientRpc
OnMoveStartedClientRpc
FinishPieceMovementClientRpc: (4, 1) -> (4, 2)
OnMoveEndedClientRpc
OnMoveStartedClientRpc
FinishPieceMovementClientRpc: (1, 4) -> (4, 1)
OnMoveEndedClientRpc
OnMoveStartedClientRpc
FinishPieceMovementClientRpc: (4, 2) -> (3, 2)
OnMoveEndedClientRpc
OnMoveStartedClientRpc
FinishPieceMovementClientRpc: (0, 0) -> (2, 2)
OnMoveEndedClientRpc
OnMoveStartedClientRpc
FinishPieceMovementClientRpc: (3, 2) -> (4, 2)
OnMoveEndedClientRpc
OnMoveStartedClientRpc
FinishPieceMovementClientRpc: (2, 1) -> (3, 2)
OnMoveEndedClientRpc
OnClientDisconnectCallback: 1 | IsServer: False
Unloading 4 Unused Serialized files (Serialized files now loaded: 0)
UnloadTime: 0.528800 ms
Unloading 18 unused Assets to reduce memory usage. Loaded Objects now: 2990.
Total: 3.468300 ms (FindLiveObjects: 0.140400 ms CreateObjectMapping: 0.128000 ms MarkObjects: 3.149600 ms  DeleteObjects: 0.050000 ms)

Unloading 2 Unused Serialized files (Serialized files now loaded: 0)
UnloadTime: 0.143900 ms
Unloading 3 unused Assets to reduce memory usage. Loaded Objects now: 3017.
Total: 3.219300 ms (FindLiveObjects: 0.122500 ms CreateObjectMapping: 0.093800 ms MarkObjects: 2.959900 ms  DeleteObjects: 0.042700 ms)

Unloading 3 Unused Serialized files (Serialized files now loaded: 0)
UnloadTime: 0.251500 ms
Unloading 12 unused Assets to reduce memory usage. Loaded Objects now: 2972.
Total: 3.686500 ms (FindLiveObjects: 0.205000 ms CreateObjectMapping: 0.118200 ms MarkObjects: 3.342500 ms  DeleteObjects: 0.020600 ms)

Unloading 4 Unused Serialized files (Serialized files now loaded: 0)
UnloadTime: 0.117200 ms
Unloading 4 unused Assets to reduce memory usage. Loaded Objects now: 3216.
Total: 3.287700 ms (FindLiveObjects: 0.126000 ms CreateObjectMapping: 0.122900 ms MarkObjects: 2.993400 ms  DeleteObjects: 0.045300 ms)

Unloading 3 Unused Serialized files (Serialized files now loaded: 0)
UnloadTime: 0.490700 ms
Unloading 16 unused Assets to reduce memory usage. Loaded Objects now: 2990.
Total: 3.490300 ms (FindLiveObjects: 0.187700 ms CreateObjectMapping: 0.125800 ms MarkObjects: 3.140300 ms  DeleteObjects: 0.036300 ms)

Unloading 2 Unused Serialized files (Serialized files now loaded: 0)
UnloadTime: 0.131700 ms
Unloading 3 unused Assets to reduce memory usage. Loaded Objects now: 3017.
Total: 4.212700 ms (FindLiveObjects: 0.128200 ms CreateObjectMapping: 0.111600 ms MarkObjects: 3.934300 ms  DeleteObjects: 0.038400 ms)

Unloading 3 Unused Serialized files (Serialized files now loaded: 0)
UnloadTime: 0.183900 ms
Unloading 12 unused Assets to reduce memory usage. Loaded Objects now: 2972.
Total: 3.636500 ms (FindLiveObjects: 0.121900 ms CreateObjectMapping: 0.094600 ms MarkObjects: 3.398500 ms  DeleteObjects: 0.021200 ms)

Unloading 4 Unused Serialized files (Serialized files now loaded: 0)
UnloadTime: 0.117900 ms
Unloading 4 unused Assets to reduce memory usage. Loaded Objects now: 3216.
Total: 3.332900 ms (FindLiveObjects: 0.130200 ms CreateObjectMapping: 0.098900 ms MarkObjects: 3.059800 ms  DeleteObjects: 0.043800 ms)

Unloading 3 Unused Serialized files (Serialized files now loaded: 0)
UnloadTime: 0.436200 ms
Unloading 16 unused Assets to reduce memory usage. Loaded Objects now: 2990.
Total: 3.503800 ms (FindLiveObjects: 0.134800 ms CreateObjectMapping: 0.101200 ms MarkObjects: 3.231300 ms  DeleteObjects: 0.036200 ms)

Unloading 2 Unused Serialized files (Serialized files now loaded: 0)
UnloadTime: 0.133700 ms
Unloading 3 unused Assets to reduce memory usage. Loaded Objects now: 3017.
Total: 3.600600 ms (FindLiveObjects: 0.131700 ms CreateObjectMapping: 0.113600 ms MarkObjects: 3.314000 ms  DeleteObjects: 0.041000 ms)

